<?xml version="1.0" encoding="UTF-8"?>
<!-- Generated by org.testng.reporters.JUnitXMLReporter -->
<testsuite ignored="2" hostname="DESKTOP-0VVRULL" failures="0" tests="2" name="ChromeTest" time="162.198" errors="0" timestamp="2023-01-22T18:14:55 IST">
  <testcase classname="trello.TrelloEndToEnd" name="trelloHomePageCheck" time="14.398"/>
  <testcase classname="trello.TrelloEndToEnd" name="trelloLoginPageCheck" time="30.636"/>
  <testcase classname="trello.TrelloEndToEnd" name="CreateBords1BoardPageCheck" time="0.0">
    <ignored/>
  </testcase> <!-- CreateBords1BoardPageCheck -->
  <testcase classname="trello.TrelloEndToEnd" name="trelloBoardPagecheck" time="0.0">
    <ignored/>
  </testcase> <!-- trelloBoardPagecheck -->
</testsuite> <!-- ChromeTest -->
