<?xml version="1.0" encoding="UTF-8"?>
<testng-results ignored="2" total="4" passed="2" failed="0" skipped="0">
  <reporter-output>
    <line>
      <![CDATA[Home Page is displayed upon verifying the title]]>
    </line>
    <line>
      <![CDATA[Login page is displayed upon veryfying the title and it is correct]]>
    </line>
    <line>
      <![CDATA[Login page is displayed upon veryfying the URL and it is correct]]>
    </line>
  </reporter-output>
  <suite started-at="2023-01-22T18:12:12 IST" name="Suite" finished-at="2023-01-22T18:14:54 IST" duration-ms="162198">
    <groups>
    </groups>
    <test started-at="2023-01-22T18:12:12 IST" name="ChromeTest" finished-at="2023-01-22T18:14:54 IST" duration-ms="162198">
      <class name="trello.TrelloEndToEnd">
        <test-method is-config="true" signature="configBeforeClass()[pri:0, instance:trello.TrelloEndToEnd@40ef3420]" started-at="2023-01-22T18:12:12 IST" name="configBeforeClass" finished-at="2023-01-22T18:13:39 IST" duration-ms="86845" status="PASS">
          <reporter-output>
          </reporter-output>
        </test-method> <!-- configBeforeClass -->
        <test-method signature="trelloHomePageCheck()[pri:1, instance:trello.TrelloEndToEnd@40ef3420]" started-at="2023-01-22T18:13:39 IST" name="trelloHomePageCheck" finished-at="2023-01-22T18:13:53 IST" duration-ms="14398" status="PASS">
          <reporter-output>
            <line>
              <![CDATA[Home Page is displayed upon verifying the title]]>
            </line>
          </reporter-output>
        </test-method> <!-- trelloHomePageCheck -->
        <test-method is-config="true" signature="configAfterMethod()[pri:0, instance:trello.TrelloEndToEnd@40ef3420]" started-at="2023-01-22T18:13:53 IST" name="configAfterMethod" finished-at="2023-01-22T18:13:59 IST" duration-ms="5478" status="PASS">
          <reporter-output>
          </reporter-output>
        </test-method> <!-- configAfterMethod -->
        <test-method is-config="true" signature="configBeforeClass()[pri:0, instance:trello.TrelloEndToEnd@40ef3420]" started-at="2023-01-22T18:13:59 IST" name="configBeforeClass" finished-at="2023-01-22T18:14:19 IST" duration-ms="20066" status="PASS">
          <reporter-output>
          </reporter-output>
        </test-method> <!-- configBeforeClass -->
        <test-method signature="trelloLoginPageCheck()[pri:2, instance:trello.TrelloEndToEnd@40ef3420]" started-at="2023-01-22T18:14:19 IST" name="trelloLoginPageCheck" finished-at="2023-01-22T18:14:50 IST" depends-on-methods="trello.TrelloEndToEnd.trelloHomePageCheck" duration-ms="30636" status="PASS">
          <reporter-output>
            <line>
              <![CDATA[Login page is displayed upon veryfying the title and it is correct]]>
            </line>
            <line>
              <![CDATA[Login page is displayed upon veryfying the URL and it is correct]]>
            </line>
          </reporter-output>
        </test-method> <!-- trelloLoginPageCheck -->
        <test-method is-config="true" signature="configAfterMethod()[pri:0, instance:trello.TrelloEndToEnd@40ef3420]" started-at="2023-01-22T18:14:50 IST" name="configAfterMethod" finished-at="2023-01-22T18:14:54 IST" duration-ms="4496" status="PASS">
          <reporter-output>
          </reporter-output>
        </test-method> <!-- configAfterMethod -->
      </class> <!-- trello.TrelloEndToEnd -->
    </test> <!-- ChromeTest -->
  </suite> <!-- Suite -->
</testng-results>
