<?xml version="1.0" encoding="UTF-8"?>
<testng-results ignored="0" total="4" passed="3" failed="1" skipped="0">
  <reporter-output>
    <line>
      <![CDATA[Home Page is displayed upon verifying the title]]>
    </line>
    <line>
      <![CDATA[Login page is displayed upon veryfying the title and it is correct]]>
    </line>
    <line>
      <![CDATA[Login page is displayed upon veryfying the URL and it is correct]]>
    </line>
    <line>
      <![CDATA[Login to Continue page is displayed and it is verified upon title]]>
    </line>
    <line>
      <![CDATA[Login to continue page Is displayed and it is verified upon URL]]>
    </line>
    <line>
      <![CDATA[Boards Profile User Home Page is not displayed and it is verified upon URL.]]>
    </line>
    <line>
      <![CDATA[Boards Profile User Home Page is not  displayed and it is verified upon Title.]]>
    </line>
    <line>
      <![CDATA[Boards Profile User Home Page is displayed and it verified upon logout button]]>
    </line>
  </reporter-output>
  <suite started-at="2023-01-13T18:39:26 IST" name="Default suite" finished-at="2023-01-13T18:42:03 IST" duration-ms="157133">
    <groups>
    </groups>
    <test started-at="2023-01-13T18:39:26 IST" name="Default test" finished-at="2023-01-13T18:42:03 IST" duration-ms="157133">
      <class name="trello.TrelloEndToEnd">
        <test-method is-config="true" signature="configBeforeClass()[pri:0, instance:trello.TrelloEndToEnd@40ef3420]" started-at="2023-01-13T18:39:26 IST" name="configBeforeClass" finished-at="2023-01-13T18:39:46 IST" duration-ms="20408" status="PASS">
          <reporter-output>
          </reporter-output>
        </test-method> <!-- configBeforeClass -->
        <test-method signature="trelloHomePageCheck()[pri:1, instance:trello.TrelloEndToEnd@40ef3420]" started-at="2023-01-13T18:39:46 IST" name="trelloHomePageCheck" finished-at="2023-01-13T18:39:56 IST" duration-ms="9302" status="PASS">
          <reporter-output>
            <line>
              <![CDATA[Home Page is displayed upon verifying the title]]>
            </line>
          </reporter-output>
        </test-method> <!-- trelloHomePageCheck -->
        <test-method is-config="true" signature="configAfterMethod()[pri:0, instance:trello.TrelloEndToEnd@40ef3420]" started-at="2023-01-13T18:39:56 IST" name="configAfterMethod" finished-at="2023-01-13T18:39:56 IST" duration-ms="939" status="PASS">
          <reporter-output>
          </reporter-output>
        </test-method> <!-- configAfterMethod -->
        <test-method is-config="true" signature="configBeforeClass()[pri:0, instance:trello.TrelloEndToEnd@40ef3420]" started-at="2023-01-13T18:39:56 IST" name="configBeforeClass" finished-at="2023-01-13T18:40:07 IST" duration-ms="11044" status="PASS">
          <reporter-output>
          </reporter-output>
        </test-method> <!-- configBeforeClass -->
        <test-method signature="trelloLoginPageCheck()[pri:2, instance:trello.TrelloEndToEnd@40ef3420]" started-at="2023-01-13T18:40:07 IST" name="trelloLoginPageCheck" finished-at="2023-01-13T18:40:13 IST" depends-on-methods="trello.TrelloEndToEnd.trelloHomePageCheck" duration-ms="5892" status="PASS">
          <reporter-output>
            <line>
              <![CDATA[Login page is displayed upon veryfying the title and it is correct]]>
            </line>
            <line>
              <![CDATA[Login page is displayed upon veryfying the URL and it is correct]]>
            </line>
          </reporter-output>
        </test-method> <!-- trelloLoginPageCheck -->
        <test-method is-config="true" signature="configAfterMethod()[pri:0, instance:trello.TrelloEndToEnd@40ef3420]" started-at="2023-01-13T18:40:13 IST" name="configAfterMethod" finished-at="2023-01-13T18:40:16 IST" duration-ms="2344" status="PASS">
          <reporter-output>
          </reporter-output>
        </test-method> <!-- configAfterMethod -->
        <test-method is-config="true" signature="configBeforeClass()[pri:0, instance:trello.TrelloEndToEnd@40ef3420]" started-at="2023-01-13T18:40:16 IST" name="configBeforeClass" finished-at="2023-01-13T18:40:26 IST" duration-ms="10495" status="PASS">
          <reporter-output>
          </reporter-output>
        </test-method> <!-- configBeforeClass -->
        <test-method signature="trelloBoardPagecheck()[pri:3, instance:trello.TrelloEndToEnd@40ef3420]" started-at="2023-01-13T18:40:26 IST" name="trelloBoardPagecheck" finished-at="2023-01-13T18:41:01 IST" depends-on-methods="trello.TrelloEndToEnd.trelloHomePageCheck, trello.TrelloEndToEnd.trelloLoginPageCheck" duration-ms="35034" status="PASS">
          <reporter-output>
            <line>
              <![CDATA[Login to Continue page is displayed and it is verified upon title]]>
            </line>
            <line>
              <![CDATA[Login to continue page Is displayed and it is verified upon URL]]>
            </line>
            <line>
              <![CDATA[Boards Profile User Home Page is not displayed and it is verified upon URL.]]>
            </line>
            <line>
              <![CDATA[Boards Profile User Home Page is not  displayed and it is verified upon Title.]]>
            </line>
            <line>
              <![CDATA[Boards Profile User Home Page is displayed and it verified upon logout button]]>
            </line>
          </reporter-output>
        </test-method> <!-- trelloBoardPagecheck -->
        <test-method is-config="true" signature="configAfterMethod()[pri:0, instance:trello.TrelloEndToEnd@40ef3420]" started-at="2023-01-13T18:41:01 IST" name="configAfterMethod" finished-at="2023-01-13T18:41:02 IST" duration-ms="943" status="PASS">
          <reporter-output>
          </reporter-output>
        </test-method> <!-- configAfterMethod -->
        <test-method is-config="true" signature="configBeforeClass()[pri:0, instance:trello.TrelloEndToEnd@40ef3420]" started-at="2023-01-13T18:41:02 IST" name="configBeforeClass" finished-at="2023-01-13T18:41:12 IST" duration-ms="10097" status="PASS">
          <reporter-output>
          </reporter-output>
        </test-method> <!-- configBeforeClass -->
        <test-method signature="CreateBords1BoardPageCheck()[pri:4, instance:trello.TrelloEndToEnd@40ef3420]" started-at="2023-01-13T18:41:12 IST" name="CreateBords1BoardPageCheck" finished-at="2023-01-13T18:42:01 IST" depends-on-methods="trello.TrelloEndToEnd.trelloBoardPagecheck, trello.TrelloEndToEnd.trelloHomePageCheck, trello.TrelloEndToEnd.trelloLoginPageCheck" duration-ms="48998" status="FAIL">
          <exception class="org.openqa.selenium.ElementNotInteractableException">
            <message>
              <![CDATA[element not interactable: [object HTMLHeadingElement] has no size and location
  (Session info: chrome=109.0.5414.74)
Build info: version: '4.7.2', revision: '4d4020c3b7'
System info: os.name: 'Windows 10', os.arch: 'amd64', os.version: '10.0', java.version: '18.0.1'
Driver info: org.openqa.selenium.chrome.ChromeDriver
Command: [420d582598bff70d60885135b486f17b, actions {actions=[org.openqa.selenium.interactions.Sequence@1b482cbf]}]
Capabilities {acceptInsecureCerts: false, browserName: chrome, browserVersion: 109.0.5414.74, chrome: {chromedriverVersion: 109.0.5414.74 (e7c5703604da..., userDataDir: C:\Users\JANANI~1\AppData\L...}, goog:chromeOptions: {debuggerAddress: localhost:57483}, networkConnectionEnabled: false, pageLoadStrategy: normal, platformName: WINDOWS, proxy: Proxy(), se:cdp: ws://localhost:57483/devtoo..., se:cdpVersion: 109.0.5414.74, setWindowRect: true, strictFileInteractability: false, timeouts: {implicit: 0, pageLoad: 300000, script: 30000}, unhandledPromptBehavior: dismiss and notify, webauthn:extension:credBlob: true, webauthn:extension:largeBlob: true, webauthn:virtualAuthenticators: true}
Session ID: 420d582598bff70d60885135b486f17b]]>
            </message>
            <full-stacktrace>
              <![CDATA[org.openqa.selenium.ElementNotInteractableException: element not interactable: [object HTMLHeadingElement] has no size and location
  (Session info: chrome=109.0.5414.74)
Build info: version: '4.7.2', revision: '4d4020c3b7'
System info: os.name: 'Windows 10', os.arch: 'amd64', os.version: '10.0', java.version: '18.0.1'
Driver info: org.openqa.selenium.chrome.ChromeDriver
Command: [420d582598bff70d60885135b486f17b, actions {actions=[org.openqa.selenium.interactions.Sequence@1b482cbf]}]
Capabilities {acceptInsecureCerts: false, browserName: chrome, browserVersion: 109.0.5414.74, chrome: {chromedriverVersion: 109.0.5414.74 (e7c5703604da..., userDataDir: C:\Users\JANANI~1\AppData\L...}, goog:chromeOptions: {debuggerAddress: localhost:57483}, networkConnectionEnabled: false, pageLoadStrategy: normal, platformName: WINDOWS, proxy: Proxy(), se:cdp: ws://localhost:57483/devtoo..., se:cdpVersion: 109.0.5414.74, setWindowRect: true, strictFileInteractability: false, timeouts: {implicit: 0, pageLoad: 300000, script: 30000}, unhandledPromptBehavior: dismiss and notify, webauthn:extension:credBlob: true, webauthn:extension:largeBlob: true, webauthn:virtualAuthenticators: true}
Session ID: 420d582598bff70d60885135b486f17b
at java.base/jdk.internal.reflect.DirectConstructorHandleAccessor.newInstance(DirectConstructorHandleAccessor.java:67)
at java.base/java.lang.reflect.Constructor.newInstanceWithCaller(Constructor.java:499)
at java.base/java.lang.reflect.Constructor.newInstance(Constructor.java:483)
at org.openqa.selenium.remote.codec.w3c.W3CHttpResponseCodec.createException(W3CHttpResponseCodec.java:200)
at org.openqa.selenium.remote.codec.w3c.W3CHttpResponseCodec.decode(W3CHttpResponseCodec.java:133)
at org.openqa.selenium.remote.codec.w3c.W3CHttpResponseCodec.decode(W3CHttpResponseCodec.java:53)
at org.openqa.selenium.remote.HttpCommandExecutor.execute(HttpCommandExecutor.java:184)
at org.openqa.selenium.remote.service.DriverCommandExecutor.invokeExecute(DriverCommandExecutor.java:167)
at org.openqa.selenium.remote.service.DriverCommandExecutor.execute(DriverCommandExecutor.java:142)
at org.openqa.selenium.remote.RemoteWebDriver.execute(RemoteWebDriver.java:535)
at org.openqa.selenium.remote.RemoteWebDriver.perform(RemoteWebDriver.java:603)
at org.openqa.selenium.interactions.Actions$BuiltAction.perform(Actions.java:567)
at org.openqa.selenium.interactions.Actions.perform(Actions.java:536)
at trello.TrelloEndToEnd.CreateBords1BoardPageCheck(TrelloEndToEnd.java:162)
at java.base/jdk.internal.reflect.DirectMethodHandleAccessor.invoke(DirectMethodHandleAccessor.java:104)
at java.base/java.lang.reflect.Method.invoke(Method.java:577)
at org.testng.internal.MethodInvocationHelper.invokeMethod(MethodInvocationHelper.java:133)
at org.testng.internal.TestInvoker.invokeMethod(TestInvoker.java:598)
at org.testng.internal.TestInvoker.invokeTestMethod(TestInvoker.java:173)
at org.testng.internal.MethodRunner.runInSequence(MethodRunner.java:46)
at org.testng.internal.TestInvoker$MethodInvocationAgent.invoke(TestInvoker.java:824)
at org.testng.internal.TestInvoker.invokeTestMethods(TestInvoker.java:146)
at org.testng.internal.TestMethodWorker.invokeTestMethods(TestMethodWorker.java:146)
at org.testng.internal.TestMethodWorker.run(TestMethodWorker.java:128)
at java.base/java.util.ArrayList.forEach(ArrayList.java:1511)
at org.testng.TestRunner.privateRun(TestRunner.java:794)
at org.testng.TestRunner.run(TestRunner.java:596)
at org.testng.SuiteRunner.runTest(SuiteRunner.java:377)
at org.testng.SuiteRunner.runSequentially(SuiteRunner.java:371)
at org.testng.SuiteRunner.privateRun(SuiteRunner.java:332)
at org.testng.SuiteRunner.run(SuiteRunner.java:276)
at org.testng.SuiteRunnerWorker.runSuite(SuiteRunnerWorker.java:53)
at org.testng.SuiteRunnerWorker.run(SuiteRunnerWorker.java:96)
at org.testng.TestNG.runSuitesSequentially(TestNG.java:1212)
at org.testng.TestNG.runSuitesLocally(TestNG.java:1134)
at org.testng.TestNG.runSuites(TestNG.java:1063)
at org.testng.TestNG.run(TestNG.java:1031)
at org.testng.remote.AbstractRemoteTestNG.run(AbstractRemoteTestNG.java:115)
at org.testng.remote.RemoteTestNG.initAndRun(RemoteTestNG.java:251)
at org.testng.remote.RemoteTestNG.main(RemoteTestNG.java:77)
]]>
            </full-stacktrace>
          </exception> <!-- org.openqa.selenium.ElementNotInteractableException -->
          <reporter-output>
          </reporter-output>
        </test-method> <!-- CreateBords1BoardPageCheck -->
        <test-method is-config="true" signature="configAfterMethod()[pri:0, instance:trello.TrelloEndToEnd@40ef3420]" started-at="2023-01-13T18:42:01 IST" name="configAfterMethod" finished-at="2023-01-13T18:42:03 IST" duration-ms="1331" status="PASS">
          <reporter-output>
          </reporter-output>
        </test-method> <!-- configAfterMethod -->
      </class> <!-- trello.TrelloEndToEnd -->
    </test> <!-- Default test -->
  </suite> <!-- Default suite -->
</testng-results>
